Started GET "/" for 127.0.0.1 at 2021-01-17 21:05:56 -0600
  [1m[35m (3.3ms)[0m  [1m[34mSELECT sqlite_version(*)[0m
Processing by Rails::WelcomeController#index as HTML
  Rendering /Library/Ruby/Gems/2.6.0/gems/railties-6.1.1/lib/rails/templates/rails/welcome/index.html.erb
  Rendered /Library/Ruby/Gems/2.6.0/gems/railties-6.1.1/lib/rails/templates/rails/welcome/index.html.erb (Duration: 12.1ms | Allocations: 517)
Completed 200 OK in 91ms (Views: 23.9ms | ActiveRecord: 0.0ms | Allocations: 4489)


Started GET "/" for 127.0.0.1 at 2021-01-17 21:21:57 -0600
  [1m[35m (1.5ms)[0m  [1m[34mSELECT sqlite_version(*)[0m
Processing by Rails::WelcomeController#index as HTML
  Rendering /Library/Ruby/Gems/2.6.0/gems/railties-6.1.1/lib/rails/templates/rails/welcome/index.html.erb
  Rendered /Library/Ruby/Gems/2.6.0/gems/railties-6.1.1/lib/rails/templates/rails/welcome/index.html.erb (Duration: 7.2ms | Allocations: 354)
Completed 200 OK in 27ms (Views: 10.7ms | ActiveRecord: 0.0ms | Allocations: 2639)


Started GET "/" for 127.0.0.1 at 2021-01-17 21:22:00 -0600
Processing by Rails::WelcomeController#index as HTML
  Rendering /Library/Ruby/Gems/2.6.0/gems/railties-6.1.1/lib/rails/templates/rails/welcome/index.html.erb
  Rendered /Library/Ruby/Gems/2.6.0/gems/railties-6.1.1/lib/rails/templates/rails/welcome/index.html.erb (Duration: 11.4ms | Allocations: 228)
Completed 200 OK in 23ms (Views: 15.1ms | ActiveRecord: 0.0ms | Allocations: 888)


Started GET "/" for 127.0.0.1 at 2021-01-17 21:22:41 -0600
Processing by Rails::WelcomeController#index as HTML
  Rendering /Library/Ruby/Gems/2.6.0/gems/railties-6.1.1/lib/rails/templates/rails/welcome/index.html.erb
  Rendered /Library/Ruby/Gems/2.6.0/gems/railties-6.1.1/lib/rails/templates/rails/welcome/index.html.erb (Duration: 0.5ms | Allocations: 44)
Completed 200 OK in 3ms (Views: 2.4ms | ActiveRecord: 0.0ms | Allocations: 341)


Started GET "/" for 127.0.0.1 at 2021-01-17 21:23:18 -0600
Processing by Rails::WelcomeController#index as HTML
  Rendering /Library/Ruby/Gems/2.6.0/gems/railties-6.1.1/lib/rails/templates/rails/welcome/index.html.erb
  Rendered /Library/Ruby/Gems/2.6.0/gems/railties-6.1.1/lib/rails/templates/rails/welcome/index.html.erb (Duration: 12.5ms | Allocations: 228)
Completed 200 OK in 18ms (Views: 13.9ms | ActiveRecord: 0.0ms | Allocations: 869)


Started GET "/" for 127.0.0.1 at 2021-01-17 21:23:19 -0600
Processing by Rails::WelcomeController#index as HTML
  Rendering /Library/Ruby/Gems/2.6.0/gems/railties-6.1.1/lib/rails/templates/rails/welcome/index.html.erb
  Rendered /Library/Ruby/Gems/2.6.0/gems/railties-6.1.1/lib/rails/templates/rails/welcome/index.html.erb (Duration: 0.4ms | Allocations: 43)
Completed 200 OK in 2ms (Views: 0.9ms | ActiveRecord: 0.0ms | Allocations: 337)


Started GET "/" for 127.0.0.1 at 2021-01-17 21:23:59 -0600
  [1m[35m (1.8ms)[0m  [1m[34mSELECT sqlite_version(*)[0m
Processing by Rails::WelcomeController#index as HTML
  Rendering /Library/Ruby/Gems/2.6.0/gems/railties-6.1.1/lib/rails/templates/rails/welcome/index.html.erb
  Rendered /Library/Ruby/Gems/2.6.0/gems/railties-6.1.1/lib/rails/templates/rails/welcome/index.html.erb (Duration: 11.9ms | Allocations: 354)
Completed 200 OK in 55ms (Views: 17.7ms | ActiveRecord: 0.0ms | Allocations: 2639)


Started GET "/" for 127.0.0.1 at 2021-01-17 21:24:28 -0600
Processing by Rails::WelcomeController#index as HTML
  Rendering /Library/Ruby/Gems/2.6.0/gems/railties-6.1.1/lib/rails/templates/rails/welcome/index.html.erb
  Rendered /Library/Ruby/Gems/2.6.0/gems/railties-6.1.1/lib/rails/templates/rails/welcome/index.html.erb (Duration: 14.9ms | Allocations: 594)
Completed 200 OK in 18ms (Views: 16.4ms | ActiveRecord: 0.0ms | Allocations: 1265)


Started GET "/" for ::1 at 2021-01-17 21:24:36 -0600
Processing by Rails::WelcomeController#index as HTML
  Rendering /Library/Ruby/Gems/2.6.0/gems/railties-6.1.1/lib/rails/templates/rails/welcome/index.html.erb
  Rendered /Library/Ruby/Gems/2.6.0/gems/railties-6.1.1/lib/rails/templates/rails/welcome/index.html.erb (Duration: 0.8ms | Allocations: 44)
Completed 200 OK in 4ms (Views: 1.9ms | ActiveRecord: 0.0ms | Allocations: 341)


Started GET "/" for 127.0.0.1 at 2021-01-17 21:30:56 -0600
  [1m[35m (1.2ms)[0m  [1m[34mSELECT sqlite_version(*)[0m
Processing by ArticlesController#index as HTML
  Rendering layout layouts/application.html.erb
  Rendering articles/index.html.erb within layouts/application
  Rendered articles/index.html.erb within layouts/application (Duration: 1.6ms | Allocations: 234)
[Webpacker] Compiling...
[Webpacker] Compiled all packs in /Users/patrickruan/rails-blog/blog/public/packs
[Webpacker] Hash: 415a948d492e21802f43
Version: webpack 4.46.0
Time: 1872ms
Built at: 01/17/2021 9:31:01 PM
                                     Asset       Size       Chunks                         Chunk Names
    js/application-d5a3c3b4dce84b5eb605.js    125 KiB  application  [emitted] [immutable]  application
js/application-d5a3c3b4dce84b5eb605.js.map    139 KiB  application  [emitted] [dev]        application
                             manifest.json  364 bytes               [emitted]              
Entrypoint application = js/application-d5a3c3b4dce84b5eb605.js js/application-d5a3c3b4dce84b5eb605.js.map
[./app/javascript/channels sync recursive _channel\.js$] ./app/javascript/channels sync _channel\.js$ 160 bytes {application} [built]
[./app/javascript/channels/index.js] 211 bytes {application} [built]
[./app/javascript/packs/application.js] 492 bytes {application} [built]
[./node_modules/webpack/buildin/module.js] (webpack)/buildin/module.js 552 bytes {application} [built]
    + 3 hidden modules

  Rendered layout layouts/application.html.erb (Duration: 5098.3ms | Allocations: 17331)
Completed 200 OK in 5125ms (Views: 5103.3ms | ActiveRecord: 0.0ms | Allocations: 20021)


